#
# There is insufficient memory for the Java Runtime Environment to continue.
# Native memory allocation (malloc) failed to allocate 84816 bytes for Chunk::new
# Possible reasons:
#   The system is out of physical RAM or swap space
#   The process is running with CompressedOops enabled, and the Java Heap may be blocking the growth of the native heap
# Possible solutions:
#   Reduce memory load on the system
#   Increase physical memory or swap space
#   Check if swap backing store is full
#   Decrease Java heap size (-Xmx/-Xms)
#   Decrease number of Java threads
#   Decrease Java thread stack sizes (-Xss)
#   Set larger code cache with -XX:ReservedCodeCacheSize=
#   JVM is running with Unscaled Compressed Oops mode in which the Java heap is
#     placed in the first 4GB address space. The Java Heap base address is the
#     maximum limit for the native heap growth. Please use -XX:HeapBaseMinAddress
#     to set the Java Heap base and to place the Java Heap above 4GB virtual address.
# This output file may be truncated or incomplete.
#
#  Out of Memory Error (allocation.cpp:389), pid=11196, tid=0x0000000000005088
#
# JRE version: Java(TM) SE Runtime Environment (8.0_351-b10) (build 1.8.0_351-b10)
# Java VM: Java HotSpot(TM) 64-Bit Server VM (25.351-b10 mixed mode windows-amd64 compressed oops)
# Failed to write core dump. Minidumps are not enabled by default on client versions of Windows
#

---------------  T H R E A D  ---------------

Current thread (0x00000229e897f800):  JavaThread "C2 CompilerThread1" daemon [_thread_in_native, id=20616, stack(0x0000004f8a400000,0x0000004f8a500000)]

Stack: [0x0000004f8a400000,0x0000004f8a500000]
Native frames: (J=compiled Java code, j=interpreted, Vv=VM code, C=native code)
V  [jvm.dll+0x3300b9]
V  [jvm.dll+0x276632]
V  [jvm.dll+0x2772dd]
V  [jvm.dll+0x26dc85]
V  [jvm.dll+0xd584c]
V  [jvm.dll+0xd604c]
V  [jvm.dll+0x48d416]
V  [jvm.dll+0x439125]
V  [jvm.dll+0x442115]
V  [jvm.dll+0x4414d5]
V  [jvm.dll+0x42c27b]
V  [jvm.dll+0xac69b]
V  [jvm.dll+0xaacfb]
V  [jvm.dll+0x23ec62]
V  [jvm.dll+0x29330c]
C  [ucrtbase.dll+0x29363]
C  [KERNEL32.DLL+0x126bd]
C  [ntdll.dll+0x5dfb8]


Current CompileTask:
C2:   1286  860   !   4       sun.font.TrueTypeFont::getTableBuffer (215 bytes)


---------------  P R O C E S S  ---------------

Java Threads: ( => current thread )
  0x00000229ea571000 JavaThread "D3D Screen Updater" daemon [_thread_blocked, id=24404, stack(0x0000004f8b800000,0x0000004f8b900000)]
  0x00000229d2ea5000 JavaThread "DestroyJavaVM" [_thread_blocked, id=24156, stack(0x0000004f89500000,0x0000004f89600000)]
  0x00000229ea59d800 JavaThread "Image Fetcher 0" daemon [_thread_blocked, id=20648, stack(0x0000004f8b600000,0x0000004f8b700000)]
  0x00000229ea554800 JavaThread "AWT-EventQueue-0" [_thread_in_native, id=24400, stack(0x0000004f8b500000,0x0000004f8b600000)]
  0x00000229ea10e800 JavaThread "AWT-Windows" daemon [_thread_in_native, id=23356, stack(0x0000004f8ac00000,0x0000004f8ad00000)]
  0x00000229ea10b800 JavaThread "AWT-Shutdown" [_thread_blocked, id=24116, stack(0x0000004f8ab00000,0x0000004f8ac00000)]
  0x00000229ea108000 JavaThread "Java2D Disposer" daemon [_thread_blocked, id=9196, stack(0x0000004f8aa00000,0x0000004f8ab00000)]
  0x00000229e89fd800 JavaThread "Service Thread" daemon [_thread_blocked, id=11520, stack(0x0000004f8a700000,0x0000004f8a800000)]
  0x00000229e89cd800 JavaThread "C1 CompilerThread3" daemon [_thread_blocked, id=23460, stack(0x0000004f8a600000,0x0000004f8a700000)]
  0x00000229e89d2800 JavaThread "C2 CompilerThread2" daemon [_thread_blocked, id=22964, stack(0x0000004f8a500000,0x0000004f8a600000)]
=>0x00000229e897f800 JavaThread "C2 CompilerThread1" daemon [_thread_in_native, id=20616, stack(0x0000004f8a400000,0x0000004f8a500000)]
  0x00000229e8974800 JavaThread "C2 CompilerThread0" daemon [_thread_blocked, id=24136, stack(0x0000004f8a300000,0x0000004f8a400000)]
  0x00000229e8974000 JavaThread "Attach Listener" daemon [_thread_blocked, id=20972, stack(0x0000004f8a200000,0x0000004f8a300000)]
  0x00000229e8971000 JavaThread "Signal Dispatcher" daemon [_thread_blocked, id=19276, stack(0x0000004f8a100000,0x0000004f8a200000)]
  0x00000229e7d5e000 JavaThread "Finalizer" daemon [_thread_blocked, id=21776, stack(0x0000004f8a000000,0x0000004f8a100000)]
  0x00000229e7d57000 JavaThread "Reference Handler" daemon [_thread_blocked, id=21620, stack(0x0000004f89f00000,0x0000004f8a000000)]

Other Threads:
  0x00000229e8924800 VMThread [stack: 0x0000004f89e00000,0x0000004f89f00000] [id=21424]
  0x00000229e9d51800 WatcherThread [stack: 0x0000004f8a800000,0x0000004f8a900000] [id=20572]

VM state:not at safepoint (normal execution)

VM Mutex/Monitor currently owned by a thread: None

heap address: 0x00000000a0e00000, size: 1522 MB, Compressed Oops mode: 32-bit
Narrow klass base: 0x0000000000000000, Narrow klass shift: 3
Compressed class space size: 1073741824 Address: 0x0000000100000000

Heap:
 PSYoungGen      total 28672K, used 20018K [0x00000000e0500000, 0x00000000e2500000, 0x0000000100000000)
  eden space 24576K, 81% used [0x00000000e0500000,0x00000000e188cbe8,0x00000000e1d00000)
  from space 4096K, 0% used [0x00000000e2100000,0x00000000e2100000,0x00000000e2500000)
  to   space 4096K, 0% used [0x00000000e1d00000,0x00000000e1d00000,0x00000000e2100000)
 ParOldGen       total 65536K, used 0K [0x00000000a0e00000, 0x00000000a4e00000, 0x00000000e0500000)
  object space 65536K, 0% used [0x00000000a0e00000,0x00000000a0e00000,0x00000000a4e00000)
 Metaspace       used 12381K, capacity 12618K, committed 12800K, reserved 1060864K
  class space    used 1659K, capacity 1743K, committed 1792K, reserved 1048576K

Card table byte_map: [0x00000229e3cd0000,0x00000229e3fd0000] byte_map_base: 0x00000229e37c9000

Marking Bits: (ParMarkBitMap*) 0x000000006e318fd0
 Begin Bits: [0x00000229e41d0000, 0x00000229e5998000)
 End Bits:   [0x00000229e5998000, 0x00000229e7160000)

Polling page: 0x00000229d3030000

CodeCache: size=245760Kb used=3238Kb max_used=3241Kb free=242521Kb
 bounds [0x00000229d4910000, 0x00000229d4c40000, 0x00000229e3910000]
 total_blobs=1370 nmethods=873 adapters=411
 compilation: enabled

Compilation events (10 events):
Event: 1.250 Thread 0x00000229e89d2800 nmethod 868 0x00000229d4c35dd0 code [0x00000229d4c35fe0, 0x00000229d4c36098]
Event: 1.252 Thread 0x00000229e8974800  869       4       java.util.HashMap$HashIterator::hasNext (13 bytes)
Event: 1.253 Thread 0x00000229e8974800 nmethod 869 0x00000229d4c28850 code [0x00000229d4c28980, 0x00000229d4c289f8]
Event: 1.253 Thread 0x00000229e89cd800  870   !   3       sun.font.TrueTypeFont::getAllFullNames (33 bytes)
Event: 1.254 Thread 0x00000229e89cd800 nmethod 870 0x00000229d4c37f50 code [0x00000229d4c38120, 0x00000229d4c388a0]
Event: 1.254 Thread 0x00000229e89cd800  872  s    3       sun.font.FontFamily::addLocaleNames (45 bytes)
Event: 1.254 Thread 0x00000229e89cd800 nmethod 872 0x00000229d4c39fd0 code [0x00000229d4c3a1a0, 0x00000229d4c3a9e0]
Event: 1.254 Thread 0x00000229e89cd800  871   !   3       sun.font.TrueTypeFont::getAllFamilyNames (33 bytes)
Event: 1.255 Thread 0x00000229e89cd800 nmethod 871 0x00000229d4c39250 code [0x00000229d4c39420, 0x00000229d4c39ba0]
Event: 1.256 Thread 0x00000229e89d2800  873       4       java.util.HashMap::resize (359 bytes)

GC Heap History (0 events):
No events

Deoptimization events (6 events):
Event: 1.180 Thread 0x00000229ea554800 Uncommon trap: reason=class_check action=maybe_recompile pc=0x00000229d4b9aecc method=java.util.HashMap.putVal(ILjava/lang/Object;Ljava/lang/Object;ZZ)Ljava/lang/Object; @ 203
Event: 1.180 Thread 0x00000229ea554800 Uncommon trap: reason=class_check action=maybe_recompile pc=0x00000229d4b9aecc method=java.util.HashMap.putVal(ILjava/lang/Object;Ljava/lang/Object;ZZ)Ljava/lang/Object; @ 203
Event: 1.180 Thread 0x00000229ea554800 Uncommon trap: reason=class_check action=maybe_recompile pc=0x00000229d4b9aecc method=java.util.HashMap.putVal(ILjava/lang/Object;Ljava/lang/Object;ZZ)Ljava/lang/Object; @ 203
Event: 1.180 Thread 0x00000229ea554800 Uncommon trap: reason=class_check action=maybe_recompile pc=0x00000229d4b9aecc method=java.util.HashMap.putVal(ILjava/lang/Object;Ljava/lang/Object;ZZ)Ljava/lang/Object; @ 203
Event: 1.199 Thread 0x00000229ea554800 Uncommon trap: reason=unstable_if action=reinterpret pc=0x00000229d4b7c6a8 method=java.lang.CharacterData.of(I)Ljava/lang/CharacterData; @ 4
Event: 1.205 Thread 0x00000229ea554800 Uncommon trap: reason=unstable_if action=reinterpret pc=0x00000229d4c280c4 method=java.lang.Character.isSurrogate(C)Z @ 3

Classes redefined (0 events):
No events

Internal exceptions (8 events):
Event: 0.052 Thread 0x00000229d2ea5000 Exception <a 'java/lang/NoSuchMethodError': Method sun.misc.Unsafe.defineClass(Ljava/lang/String;[BII)Ljava/lang/Class; name or signature does not match> (0x00000000e0507ce0) thrown at [C:\jenkins\workspace\8-2-build-windows-x64-cygwin\jdk8u351\2908\hotsp
Event: 0.052 Thread 0x00000229d2ea5000 Exception <a 'java/lang/NoSuchMethodError': Method sun.misc.Unsafe.prefetchRead(Ljava/lang/Object;J)V name or signature does not match> (0x00000000e0507fc8) thrown at [C:\jenkins\workspace\8-2-build-windows-x64-cygwin\jdk8u351\2908\hotspot\src\share\vm\pr
Event: 0.204 Thread 0x00000229d2ea5000 Exception <a 'java/security/PrivilegedActionException'> (0x00000000e062d210) thrown at [C:\jenkins\workspace\8-2-build-windows-x64-cygwin\jdk8u351\2908\hotspot\src\share\vm\prims\jvm.cpp, line 1513]
Event: 0.204 Thread 0x00000229d2ea5000 Exception <a 'java/security/PrivilegedActionException'> (0x00000000e062d420) thrown at [C:\jenkins\workspace\8-2-build-windows-x64-cygwin\jdk8u351\2908\hotspot\src\share\vm\prims\jvm.cpp, line 1513]
Event: 0.216 Thread 0x00000229d2ea5000 Exception <a 'java/io/FileNotFoundException'> (0x00000000e0632a60) thrown at [C:\jenkins\workspace\8-2-build-windows-x64-cygwin\jdk8u351\2908\hotspot\src\share\vm\prims\jni.cpp, line 710]
Event: 0.266 Thread 0x00000229d2ea5000 Exception <a 'java/lang/NoSuchFieldError': method resolution failed> (0x00000000e0703c98) thrown at [C:\jenkins\workspace\8-2-build-windows-x64-cygwin\jdk8u351\2908\hotspot\src\share\vm\prims\methodHandles.cpp, line 1188]
Event: 0.268 Thread 0x00000229d2ea5000 Exception <a 'java/lang/NoSuchFieldError': method resolution failed> (0x00000000e0711068) thrown at [C:\jenkins\workspace\8-2-build-windows-x64-cygwin\jdk8u351\2908\hotspot\src\share\vm\prims\methodHandles.cpp, line 1188]
Event: 0.317 Thread 0x00000229d2ea5000 Exception <a 'java/io/FileNotFoundException'> (0x00000000e07ac790) thrown at [C:\jenkins\workspace\8-2-build-windows-x64-cygwin\jdk8u351\2908\hotspot\src\share\vm\prims\jni.cpp, line 710]

Events (10 events):
Event: 1.199 Thread 0x00000229ea554800 Uncommon trap: trap_request=0xffffff65 fr.pc=0x00000229d4b7c6a8
Event: 1.199 Thread 0x00000229ea554800 DEOPT PACKING pc=0x00000229d4b7c6a8 sp=0x0000004f8b5fbc30
Event: 1.199 Thread 0x00000229ea554800 DEOPT UNPACKING pc=0x00000229d49558c3 sp=0x0000004f8b5fbaa0 mode 2
Event: 1.199 loading class java/lang/CharacterData00
Event: 1.199 loading class java/lang/CharacterData00 done
Event: 1.199 Executing VM operation: Deoptimize
Event: 1.200 Executing VM operation: Deoptimize done
Event: 1.205 Thread 0x00000229ea554800 Uncommon trap: trap_request=0xffffff65 fr.pc=0x00000229d4c280c4
Event: 1.205 Thread 0x00000229ea554800 DEOPT PACKING pc=0x00000229d4c280c4 sp=0x0000004f8b5fb750
Event: 1.205 Thread 0x00000229ea554800 DEOPT UNPACKING pc=0x00000229d49558c3 sp=0x0000004f8b5fb678 mode 2


Dynamic libraries:
0x00007ff74c590000 - 0x00007ff74c5d7000 	C:\Program Files\Java\jdk1.8.0_351\bin\javaw.exe
0x00007ff862b90000 - 0x00007ff862da4000 	C:\WINDOWS\SYSTEM32\ntdll.dll
0x00007ff861ab0000 - 0x00007ff861b73000 	C:\WINDOWS\System32\KERNEL32.DLL
0x00007ff860170000 - 0x00007ff86050d000 	C:\WINDOWS\System32\KERNELBASE.dll
0x00007ff861f90000 - 0x00007ff86203e000 	C:\WINDOWS\System32\ADVAPI32.dll
0x00007ff861b80000 - 0x00007ff861c27000 	C:\WINDOWS\System32\msvcrt.dll
0x00007ff862aa0000 - 0x00007ff862b44000 	C:\WINDOWS\System32\sechost.dll
0x00007ff861c30000 - 0x00007ff861d45000 	C:\WINDOWS\System32\RPCRT4.dll
0x00007ff8628b0000 - 0x00007ff862a5d000 	C:\WINDOWS\System32\USER32.dll
0x00007ff860510000 - 0x00007ff860536000 	C:\WINDOWS\System32\win32u.dll
0x00007ff862a60000 - 0x00007ff862a89000 	C:\WINDOWS\System32\GDI32.dll
0x00007ff8607a0000 - 0x00007ff8608b2000 	C:\WINDOWS\System32\gdi32full.dll
0x00007ff8600d0000 - 0x00007ff86016a000 	C:\WINDOWS\System32\msvcp_win.dll
0x00007ff85ffb0000 - 0x00007ff8600c1000 	C:\WINDOWS\System32\ucrtbase.dll
0x00007ff851150000 - 0x00007ff8513de000 	C:\WINDOWS\WinSxS\amd64_microsoft.windows.common-controls_6595b64144ccf1df_6.0.22621.608_none_a9444ca7c10bb01d\COMCTL32.dll
0x00007ff861a70000 - 0x00007ff861aa2000 	C:\WINDOWS\System32\IMM32.DLL
0x00007ff80bc00000 - 0x00007ff80bc15000 	C:\Program Files\Java\jdk1.8.0_351\jre\bin\vcruntime140.dll
0x00007ff803010000 - 0x00007ff8030ab000 	C:\Program Files\Java\jdk1.8.0_351\jre\bin\msvcp140.dll
0x000000006db30000 - 0x000000006e391000 	C:\Program Files\Java\jdk1.8.0_351\jre\bin\server\jvm.dll
0x00007ff860da0000 - 0x00007ff860da8000 	C:\WINDOWS\System32\PSAPI.DLL
0x00007ff8590a0000 - 0x00007ff8590a9000 	C:\WINDOWS\SYSTEM32\WSOCK32.dll
0x00007ff860d20000 - 0x00007ff860d91000 	C:\WINDOWS\System32\WS2_32.dll
0x00007ff858170000 - 0x00007ff8581a4000 	C:\WINDOWS\SYSTEM32\WINMM.dll
0x00007ff8576c0000 - 0x00007ff8576ca000 	C:\WINDOWS\SYSTEM32\VERSION.dll
0x00007ff85f000000 - 0x00007ff85f018000 	C:\WINDOWS\SYSTEM32\kernel.appcore.dll
0x00007ff85cd30000 - 0x00007ff85cd40000 	C:\Program Files\Java\jdk1.8.0_351\jre\bin\verify.dll
0x00007ff803c80000 - 0x00007ff803cab000 	C:\Program Files\Java\jdk1.8.0_351\jre\bin\java.dll
0x00007ff802db0000 - 0x00007ff802dc8000 	C:\Program Files\Java\jdk1.8.0_351\jre\bin\zip.dll
0x00007ff8620b0000 - 0x00007ff86289f000 	C:\WINDOWS\System32\SHELL32.dll
0x00007ff85dfd0000 - 0x00007ff85e898000 	C:\WINDOWS\SYSTEM32\windows.storage.dll
0x00007ff860eb0000 - 0x00007ff86123a000 	C:\WINDOWS\System32\combase.dll
0x00007ff85de90000 - 0x00007ff85dfce000 	C:\WINDOWS\SYSTEM32\wintypes.dll
0x00007ff860db0000 - 0x00007ff860ea1000 	C:\WINDOWS\System32\SHCORE.dll
0x00007ff861d70000 - 0x00007ff861dce000 	C:\WINDOWS\System32\shlwapi.dll
0x00007ff85fee0000 - 0x00007ff85ff01000 	C:\WINDOWS\SYSTEM32\profapi.dll
0x00007ffff2600000 - 0x00007ffff2795000 	C:\Program Files\Java\jdk1.8.0_351\jre\bin\awt.dll
0x00007ff861250000 - 0x00007ff861327000 	C:\WINDOWS\System32\OLEAUT32.dll
0x00007ff85cdc0000 - 0x00007ff85ce57000 	C:\WINDOWS\SYSTEM32\apphelp.dll
0x00007ff85d5d0000 - 0x00007ff85d5fb000 	C:\WINDOWS\system32\DWMAPI.DLL
0x00007ff85d290000 - 0x00007ff85d33b000 	C:\WINDOWS\system32\uxtheme.dll
0x00007ffff4610000 - 0x00007ffff4710000 	C:\WINDOWS\system32\opengl32.dll
0x00007ff802d80000 - 0x00007ff802dad000 	C:\WINDOWS\SYSTEM32\GLU32.dll
0x00007ff85d390000 - 0x00007ff85d3c6000 	C:\WINDOWS\SYSTEM32\dxcore.dll
0x00007ff860980000 - 0x00007ff860a9e000 	C:\WINDOWS\System32\MSCTF.dll
0x00007ff8618d0000 - 0x00007ff861a6c000 	C:\WINDOWS\System32\ole32.dll
0x00007ff8606b0000 - 0x00007ff86072b000 	C:\WINDOWS\System32\bcryptPrimitives.dll
0x00007ff8529c0000 - 0x00007ff852b69000 	C:\WINDOWS\system32\d3d9.dll
0x00007ff855d90000 - 0x00007ff855f6b000 	C:\WINDOWS\System32\DriverStore\FileRepository\u0357645.inf_amd64_3c66802dbd4d45a0\B357435\aticfx64.dll
0x00007ffffe4f0000 - 0x00007ffffe523000 	C:\WINDOWS\System32\DriverStore\FileRepository\u0357645.inf_amd64_3c66802dbd4d45a0\B357435\atiu9p64.dll
0x00007fffe3700000 - 0x00007fffe4396000 	C:\WINDOWS\System32\DriverStore\FileRepository\u0357645.inf_amd64_3c66802dbd4d45a0\B357435\atiumd64.dll
0x00007ff85d010000 - 0x00007ff85d23e000 	C:\WINDOWS\SYSTEM32\dbghelp.dll
0x00007ff84f620000 - 0x00007ff84f652000 	C:\WINDOWS\SYSTEM32\dbgcore.DLL
0x000000006eef0000 - 0x000000006fd6d000 	C:\WINDOWS\System32\DriverStore\FileRepository\u0357645.inf_amd64_3c66802dbd4d45a0\B357435\atiumd6a.dll
0x00007ff85f950000 - 0x00007ff85f99d000 	C:\WINDOWS\SYSTEM32\POWRPROF.dll
0x00007ff85f890000 - 0x00007ff85f8a3000 	C:\WINDOWS\SYSTEM32\UMPDC.dll
0x00007ff853f40000 - 0x00007ff853f6f000 	C:\WINDOWS\SYSTEM32\amdihk64.dll
0x00007ff858f80000 - 0x00007ff858fc9000 	C:\WINDOWS\SYSTEM32\directxdatabasehelper.dll
0x00007ff800e10000 - 0x00007ff800e59000 	C:\Program Files\Java\jdk1.8.0_351\jre\bin\fontmanager.dll
0x00007ff802b50000 - 0x00007ff802b6c000 	C:\Program Files\Java\jdk1.8.0_351\jre\bin\net.dll
0x00007ff85f4e0000 - 0x00007ff85f549000 	C:\WINDOWS\system32\mswsock.dll
0x00007ff802890000 - 0x00007ff8028a3000 	C:\Program Files\Java\jdk1.8.0_351\jre\bin\nio.dll
0x00007ff8009e0000 - 0x00007ff800a23000 	C:\Program Files\Java\jdk1.8.0_351\jre\bin\t2k.dll
0x00007ff861330000 - 0x00007ff8613e7000 	C:\WINDOWS\System32\clbcatq.dll
0x00007ff85b1d0000 - 0x00007ff85b380000 	C:\WINDOWS\SYSTEM32\WindowsCodecs.dll
0x00007ff800010000 - 0x00007ff80006e000 	C:\WINDOWS\system32\dataexchange.dll
0x00007ff856e10000 - 0x00007ff85707a000 	C:\WINDOWS\system32\twinapi.appcore.dll
0x00007ff84f9e0000 - 0x00007ff84fb0d000 	C:\WINDOWS\SYSTEM32\textinputframework.dll

VM Arguments:
jvm_args: -Dfile.encoding=UTF-8 
java_command: Employee_Management_System.AddEmployee
java_class_path (initial): C:\Users\DEVANSH BOLSURE\eclipse-workspace\Employee_Management_System\target\classes;C:\Users\DEVANSH BOLSURE\.m2\repository\mysql\mysql-connector-java\8.0.13\mysql-connector-java-8.0.13.jar;C:\Users\DEVANSH BOLSURE\.m2\repository\mysql\mysql-connector-java\8.0.13\mysql-connector-java-8.0.13-sources.jar;C:\Users\DEVANSH BOLSURE\Dropbox\My PC (LAPTOP-9PET8DJR)\Downloads\jcalendar-tz-1.3.3-4.jar
Launcher Type: SUN_STANDARD

Environment Variables:
JAVA_HOME=C:\Program Files\Java\jdk1.8.0_351
CLASSPATH=C:\Program Files\Java\jdk-17\mysql-connector-j-8.0.31.jar;.;
PATH=C:\Program Files\Common Files\Oracle\Java\javapath;C:\RoboDK\Python37\Scripts\;C:\RoboDK\Python37\;C:\Windows\system32;C:\Windows;C:\Windows\System32\Wbem;C:\Windows\System32\WindowsPowerShell\v1.0\;C:\Windows\System32\OpenSSH\;C:\Program Files (x86)\NVIDIA Corporation\PhysX\Common;C:\Program Files\NVIDIA Corporation\NVIDIA NvDLISR;C:\WINDOWS\system32;C:\WINDOWS;C:\WINDOWS\System32\Wbem;C:\WINDOWS\System32\WindowsPowerShell\v1.0\;C:\WINDOWS\System32\OpenSSH\;C:\Program Files\Graphviz\bin;C:\Program Files\Microsoft SQL Server\Client SDK\ODBC\170\Tools\Binn\;C:\Program Files (x86)\Microsoft SQL Server\150\Tools\Binn\;C:\Program Files\Microsoft SQL Server\150\Tools\Binn\;C:\Program Files\Microsoft SQL Server\150\DTS\Binn\;C:\Program Files (x86)\Microsoft SQL Server\150\DTS\Binn\;C:\Program Files\Azure Data Studio\bin;C:\Program Files (x86)\Microsoft SQL Server\120\Tools\Binn\ManagementStudio\;C:\Program Files (x86)\Microsoft SQL Server\120\Tools\Binn\;C:\Program Files (x86)\Microsoft Visual Studio 12.0\Common7\IDE\PrivateAssemblies\;C:\Program Files (x86)\Microsoft SQL Server\120\DTS\Binn\;C:\Program Files\MySQL\MySQL Server 8.0\bin;C:\Program Files\MySQL\MySQL Shell 8.0\bin\;C:\Program Files\Java\jdk1.8.0_351\bin;;C:\Users\DEVANSH BOLSURE\AppData\Local\Programs\Microsoft VS Code\bin
USERNAME=DEVANSH BOLSURE
OS=Windows_NT
PROCESSOR_IDENTIFIER=AMD64 Family 23 Model 24 Stepping 1, AuthenticAMD



---------------  S Y S T E M  ---------------

OS: Windows 11 , 64 bit Build 22621 (10.0.22621.1105)

CPU:total 8 (initial active 8) (8 cores per cpu, 1 threads per core) family 23 model 24 stepping 1, cmov, cx8, fxsr, mmx, sse, sse2, sse3, ssse3, sse4.1, sse4.2, popcnt, avx, avx2, aes, clmul, mmxext, 3dnowpref, lzcnt, sse4a, tsc, tscinvbit, tscinv, bmi1

Memory: 4k page, physical 6226956k(227328k free), swap 25101324k(8740k free)

vm_info: Java HotSpot(TM) 64-Bit Server VM (25.351-b10) for windows-amd64 JRE (1.8.0_351-b10), built on Sep 15 2022 02:58:06 by "java_re" with MS VC++ 15.9 (VS2017)

time: Sun Jan 29 20:54:05 2023
timezone: SE Asia Standard Time
elapsed time: 1.293508 seconds (0d 0h 0m 1s)

